<?xml version="1.0" encoding="UTF-8"?>
<!-- Generated by org.testng.reporters.JUnitXMLReporter -->
<testsuite hostname="LAPTOP-5KULBKGA" ignored="1" name="Edge Test" tests="2" failures="0" timestamp="20 Sep 2022 08:17:25 GMT" time="15.44" errors="0">
  <testcase name="TC1" time="15.299" classname="org.test.Sep19c"/>
  <testcase name="TC2" time="0.109" classname="org.test.Sep19c"/>
  <testcase name="TC3" time="0.0" classname="org.test.Sep19c">
    <ignored/>
  </testcase> <!-- TC3 -->
</testsuite> <!-- Edge Test -->
