<?xml version="1.0" encoding="UTF-8"?>
<!-- Generated by org.testng.reporters.JUnitXMLReporter -->
<testsuite hostname="LAPTOP-5KULBKGA" ignored="1" name="Test" tests="2" failures="2" timestamp="20 Sep 2022 05:31:12 GMT" time="8.164" errors="0">
  <testcase name="TC3" time="0.022" classname="org.test.Sep19c">
    <failure type="java.lang.NullPointerException">
      <![CDATA[java.lang.NullPointerException
at org.test.Sep19c.TC3(Sep19c.java:43)
at java.util.concurrent.ThreadPoolExecutor.runWorker(ThreadPoolExecutor.java:1149)
at java.util.concurrent.ThreadPoolExecutor$Worker.run(ThreadPoolExecutor.java:624)
at java.lang.Thread.run(Thread.java:750)
... Removed 10 stack frames]]>
    </failure>
  </testcase> <!-- TC3 -->
  <testcase name="TC2" time="8.114" classname="org.test.Sep19c">
    <failure type="org.openqa.selenium.ElementNotInteractableException" message="Element &amp;lt;button class=&amp;quot;modal__close&amp;quot;&amp;gt; could not be scrolled into view
Build info: version: &amp;apos;4.1.0&amp;apos;, revision: &amp;apos;87802e897b&amp;apos;
System info: host: &amp;apos;LAPTOP-5KULBKGA&amp;apos;, ip: &amp;apos;192.168.0.104&amp;apos;, os.name: &amp;apos;Windows 11&amp;apos;, os.arch: &amp;apos;amd64&amp;apos;, os.version: &amp;apos;10.0&amp;apos;, java.version: &amp;apos;1.8.0_331&amp;apos;
Driver info: org.openqa.selenium.firefox.FirefoxDriver
Command: [12344b1a-33b5-4cc6-85aa-2cda0d741f05, clickElement {id=42a82d0c-1162-4032-be51-3a6f28edbf15}]
Capabilities {acceptInsecureCerts: true, browserName: firefox, browserVersion: 104.0.2, javascriptEnabled: true, moz:accessibilityChecks: false, moz:buildID: 20220902153754, moz:debuggerAddress: localhost:50154, moz:geckodriverVersion: 0.31.0, moz:headless: false, moz:platformVersion: 10.0, moz:processID: 20204, moz:profile: C:\Users\Achyutha\AppData\L..., moz:shutdownTimeout: 60000, moz:useNonSpecCompliantPointerOrigin: false, moz:webdriverClick: true, moz:windowless: false, pageLoadStrategy: normal, platform: WINDOWS, platformName: WINDOWS, proxy: Proxy(), se:cdp: ws://localhost:50154/devtoo..., se:cdpVersion: 85, setWindowRect: true, strictFileInteractability: false, timeouts: {implicit: 0, pageLoad: 300000, script: 30000}, unhandledPromptBehavior: dismiss and notify}
Element: [[FirefoxDriver: firefox on WINDOWS (12344b1a-33b5-4cc6-85aa-2cda0d741f05)] -&amp;gt; xpath: //button[@class=&amp;apos;modal__close&amp;apos;]]
Session ID: 12344b1a-33b5-4cc6-85aa-2cda0d741f05">
      <![CDATA[org.openqa.selenium.ElementNotInteractableException: Element <button class="modal__close"> could not be scrolled into view
Build info: version: '4.1.0', revision: '87802e897b'
System info: host: 'LAPTOP-5KULBKGA', ip: '192.168.0.104', os.name: 'Windows 11', os.arch: 'amd64', os.version: '10.0', java.version: '1.8.0_331'
Driver info: org.openqa.selenium.firefox.FirefoxDriver
Command: [12344b1a-33b5-4cc6-85aa-2cda0d741f05, clickElement {id=42a82d0c-1162-4032-be51-3a6f28edbf15}]
Capabilities {acceptInsecureCerts: true, browserName: firefox, browserVersion: 104.0.2, javascriptEnabled: true, moz:accessibilityChecks: false, moz:buildID: 20220902153754, moz:debuggerAddress: localhost:50154, moz:geckodriverVersion: 0.31.0, moz:headless: false, moz:platformVersion: 10.0, moz:processID: 20204, moz:profile: C:\Users\Achyutha\AppData\L..., moz:shutdownTimeout: 60000, moz:useNonSpecCompliantPointerOrigin: false, moz:webdriverClick: true, moz:windowless: false, pageLoadStrategy: normal, platform: WINDOWS, platformName: WINDOWS, proxy: Proxy(), se:cdp: ws://localhost:50154/devtoo..., se:cdpVersion: 85, setWindowRect: true, strictFileInteractability: false, timeouts: {implicit: 0, pageLoad: 300000, script: 30000}, unhandledPromptBehavior: dismiss and notify}
Element: [[FirefoxDriver: firefox on WINDOWS (12344b1a-33b5-4cc6-85aa-2cda0d741f05)] -> xpath: //button[@class='modal__close']]
Session ID: 12344b1a-33b5-4cc6-85aa-2cda0d741f05
at org.openqa.selenium.remote.codec.w3c.W3CHttpResponseCodec.createException(W3CHttpResponseCodec.java:200)
at org.openqa.selenium.remote.codec.w3c.W3CHttpResponseCodec.decode(W3CHttpResponseCodec.java:133)
at org.openqa.selenium.remote.codec.w3c.W3CHttpResponseCodec.decode(W3CHttpResponseCodec.java:53)
at org.openqa.selenium.remote.HttpCommandExecutor.execute(HttpCommandExecutor.java:184)
at org.openqa.selenium.remote.service.DriverCommandExecutor.invokeExecute(DriverCommandExecutor.java:164)
at org.openqa.selenium.remote.service.DriverCommandExecutor.execute(DriverCommandExecutor.java:139)
at org.openqa.selenium.remote.RemoteWebDriver.execute(RemoteWebDriver.java:559)
at org.openqa.selenium.remote.RemoteWebElement.execute(RemoteWebElement.java:251)
at org.openqa.selenium.remote.RemoteWebElement.click(RemoteWebElement.java:77)
at org.test.Sep19c.TC2(Sep19c.java:31)
at java.util.concurrent.ThreadPoolExecutor.runWorker(ThreadPoolExecutor.java:1149)
at java.util.concurrent.ThreadPoolExecutor$Worker.run(ThreadPoolExecutor.java:624)
at java.lang.Thread.run(Thread.java:750)
... Removed 14 stack frames]]>
    </failure>
  </testcase> <!-- TC2 -->
  <testcase name="TC4" time="0.0" classname="org.test.Sep19c">
    <ignored/>
  </testcase> <!-- TC4 -->
</testsuite> <!-- Test -->
